# BLASTX 2.11.0+
# Query: NC_015119.1 Boreus elegans mitochondrion, complete genome
# Database: nem
# Fields: query acc.ver, subject acc.ver, % identity, alignment length, mismatches, gap opens, q. start, q. end, s. start, s. end, evalue, bit score
# 501 hits found
NC_015119.1	gi|225622197|ref|YP_002725710.1|	61.712	444	169	1	1429	2760	12	454	1.16e-133	432
NC_015119.1	gi|326536058|ref|YP_004300493.1|	62.443	442	165	1	1435	2760	14	454	2.91e-133	431
NC_015119.1	gi|171260186|ref|YP_001795390.1|	60.566	459	177	3	1384	2760	1	455	2.98e-133	431
NC_015119.1	gi|288903410|ref|YP_003434131.1|	61.712	444	169	1	1429	2760	12	454	3.00e-133	431
NC_015119.1	gi|225622184|ref|YP_002725698.1|	61.486	444	170	1	1429	2760	12	454	8.44e-133	429
NC_015119.1	gi|188011119|ref|YP_001905892.1|	61.312	442	170	1	1435	2760	14	454	8.63e-133	429
NC_015119.1	gi|49146527|ref|YP_026087.1|	61.538	442	169	1	1435	2760	14	454	1.09e-132	429
NC_015119.1	gi|288903312|ref|YP_003434040.1|	61.991	442	167	1	1435	2760	14	454	1.42e-132	429
NC_015119.1	gi|296315379|emb|CAQ56159.1|	61.261	444	171	1	1429	2760	12	454	1.49e-132	429
NC_015119.1	gi|30725263|ref|NP_851331.1|	61.765	442	168	1	1435	2760	15	455	1.77e-132	429
NC_015119.1	gi|288904191|ref|YP_003434456.1|	61.538	442	169	1	1435	2760	14	454	1.78e-132	429
NC_015119.1	gi|288903231|ref|YP_003433879.1|	61.486	444	170	1	1429	2760	12	454	1.83e-132	428
NC_015119.1	gi|1169025|sp|P24893.2|COX1_CAEEL	61.991	442	167	1	1435	2760	14	454	1.90e-132	428
NC_015119.1	gi|5834891|ref|NP_006961.1|COX1_10021	61.991	442	167	1	1435	2760	14	454	1.90e-132	428
NC_015119.1	gi|19111755|ref|NP_579952.2|COX1_15956	61.261	444	171	1	1429	2760	12	454	2.09e-132	428
NC_015119.1	gi|288903353|ref|YP_003434078.1|	61.312	442	170	1	1435	2760	14	454	2.22e-132	428
NC_015119.1	gi|160694986|ref|YP_001552232.1|COX1_21467	61.991	442	167	1	1435	2760	14	454	2.51e-132	428
NC_015119.1	gi|1169024|sp|P24881.2|COX1_ASCSU	61.086	442	171	1	1435	2760	14	454	2.87e-132	428
NC_015119.1	gi|5834880|ref|NP_006949.1|COX1_10020	61.086	442	171	1	1435	2760	14	454	2.87e-132	428
NC_015119.1	gi|294368068|ref|YP_003433891.2|	61.765	442	168	1	1435	2760	14	454	3.55e-132	427
NC_015119.1	gi|169160118|ref|YP_001700361.1|	61.538	442	169	1	1435	2760	16	456	4.25e-132	427
NC_015119.1	gi|189095452|ref|YP_001936464.1|	61.312	442	170	1	1435	2760	14	454	5.37e-132	427
NC_015119.1	gi|288900706|ref|YP_003433739.1|	61.086	442	171	1	1435	2760	14	454	5.74e-132	427
NC_015119.1	gi|357018118|ref|YP_004935169.1|	61.086	442	171	1	1435	2760	14	454	6.76e-132	427
NC_015119.1	gi|357018150|ref|YP_004935200.1|	61.086	442	171	1	1435	2760	14	454	7.44e-132	427
NC_015119.1	gi|116510836|ref|YP_817454.1|	62.443	442	165	1	1435	2760	16	456	1.23e-131	426
NC_015119.1	gi|343198264|ref|YP_004778134.1|	60.586	444	174	1	1429	2760	12	454	1.61e-131	426
NC_015119.1	gi|343198304|ref|YP_004778171.1|	60.586	444	174	1	1429	2760	12	454	1.98e-131	426
NC_015119.1	gi|255506273|ref|YP_003097109.1|	61.312	442	170	1	1435	2760	14	454	3.93e-131	424
NC_015119.1	gi|288900693|ref|YP_003433727.1|	61.538	442	169	1	1435	2760	14	454	4.20e-131	424
NC_015119.1	gi|296315392|emb|CAQ56171.1|	61.036	444	172	1	1429	2760	12	454	4.32e-131	424
NC_015119.1	gi|296940316|ref|YP_003667994.1|	61.036	444	172	1	1429	2760	12	454	4.32e-131	424
NC_015119.1	gi|91176182|ref|YP_537096.1|	61.312	442	170	1	1435	2760	14	454	4.41e-131	424
NC_015119.1	gi|255506300|ref|YP_003097134.1|	61.538	442	169	1	1435	2760	14	454	6.54e-131	424
NC_015119.1	gi|288903285|ref|YP_003433929.1|	61.538	442	169	1	1435	2760	14	454	6.86e-131	424
NC_015119.1	gi|19111767|ref|NP_579964.2|	60.586	444	174	1	1429	2760	12	454	7.75e-131	424
NC_015119.1	gi|227437190|gb|ACP30394.1|	61.312	442	170	1	1435	2760	14	454	1.04e-130	423
NC_015119.1	gi|317134156|ref|YP_004123396.1|	61.312	442	170	1	1435	2760	14	454	1.04e-130	423
NC_015119.1	gi|288903193|ref|YP_003433803.1|	61.765	442	168	1	1435	2760	14	454	2.27e-130	422
NC_015119.1	gi|288903218|ref|YP_003433826.1|	61.991	442	167	1	1435	2760	14	454	3.20e-127	413
NC_015119.1	gi|399934471|gb|AFP58668.1|	60.271	443	174	2	1435	2760	12	453	8.56e-126	409
NC_015119.1	gi|404333724|ref|YP_006702537.1|	60.271	443	174	2	1435	2760	12	453	8.56e-126	409
NC_015119.1	gi|353526743|ref|YP_004927920.1|	60.181	442	175	1	1435	2760	14	454	2.26e-123	402
NC_015119.1	gi|347600388|ref|YP_004857909.1|	57.692	442	186	1	1435	2760	15	455	2.04e-120	394
NC_015119.1	gi|49147263|ref|YP_025921.1|	59.594	443	174	1	1435	2748	3	445	3.06e-120	393
NC_015119.1	gi|13195746|ref|NP_077265.1|COX1_15606	55.166	513	227	1	1429	2958	2	514	1.52e-119	391
NC_015119.1	gi|388892211|gb|AFK81032.1|	55.830	446	195	1	1429	2760	2	447	2.92e-117	384
NC_015119.1	gi|404333640|ref|YP_006702459.1|	55.830	446	195	1	1429	2760	2	447	2.92e-117	384
NC_015119.1	gi|385137017|ref|YP_006234076.1|	55.830	446	195	1	1429	2760	2	447	1.05e-114	377
NC_015119.1	gi|388892225|gb|AFK81045.1|	54.709	446	200	1	1429	2760	2	447	2.57e-114	375
NC_015119.1	gi|404333654|ref|YP_006702472.1|	54.709	446	200	1	1429	2760	2	447	2.57e-114	375
NC_015119.1	gi|385099655|ref|YP_006234115.1|	54.484	446	201	1	1429	2760	2	447	2.24e-112	370
NC_015119.1	gi|99878585|ref|YP_615042.1|	57.336	443	185	1	1444	2760	4	446	6.11e-112	369
NC_015119.1	gi|343198277|ref|YP_004778146.1|	54.279	444	201	2	1429	2760	12	453	4.80e-109	361
NC_015119.1	gi|207266411|ref|YP_002261325.1|	54.505	444	200	2	1432	2760	11	453	1.61e-108	359
NC_015119.1	gi|258649594|ref|YP_003204882.1|	53.759	439	202	1	1444	2760	11	448	2.94e-108	358
NC_015119.1	gi|99878741|ref|YP_615048.1|	54.933	446	189	3	1444	2760	4	444	6.92e-106	351
NC_015119.1	gi|353526756|ref|YP_004927932.1|	55.982	443	193	2	1435	2760	9	450	9.65e-106	351
NC_015119.1	gi|119637801|ref|YP_918966.1|	58.145	442	179	3	1444	2754	4	444	1.97e-105	350
NC_015119.1	gi|119360188|ref|YP_913163.1|	56.818	440	184	4	1450	2754	2	440	1.59e-103	344
NC_015119.1	gi|119655310|ref|YP_918977.1|	57.014	442	184	3	1444	2754	6	446	1.91e-103	344
NC_015119.1	gi|124286770|ref|YP_001023661.1|	53.795	448	203	1	1429	2760	5	452	5.35e-102	340
NC_015119.1	gi|110082720|ref|YP_665490.1|	54.831	445	196	2	1438	2760	1	444	2.60e-101	338
NC_015119.1	gi|353526730|ref|YP_004927908.1|	50.000	444	219	2	1435	2760	16	458	1.55e-98	331
NC_015119.1	gi|393716480|gb|AFN20656.1|	47.020	453	237	2	1408	2760	6	457	1.05e-95	323
NC_015119.1	gi|400201800|ref|YP_006576256.1|	47.020	453	237	2	1408	2760	6	457	1.05e-95	323
NC_015119.1	gi|307557827|gb|ADN52151.1|	47.124	452	236	2	1411	2760	7	457	1.47e-94	320
NC_015119.1	gi|357018133|ref|YP_004935183.1|	47.124	452	236	2	1411	2760	7	457	1.47e-94	320
NC_015119.1	gi|307375469|gb|ADN43962.1|	47.788	452	233	2	1411	2760	7	457	2.50e-94	319
NC_015119.1	gi|357017996|ref|YP_004935014.1|	47.788	452	233	2	1411	2760	7	457	2.50e-94	319
NC_015119.1	gi|307557814|gb|ADN52139.1|	47.545	448	232	2	1423	2760	11	457	2.60e-94	319
NC_015119.1	gi|357018107|ref|YP_004935159.1|	47.545	448	232	2	1423	2760	11	457	2.60e-94	319
NC_015119.1	gi|332164905|gb|AEE11945.1|	48.451	452	230	2	1411	2760	7	457	2.65e-94	319
NC_015119.1	gi|357017815|ref|YP_004934847.1|	48.451	452	230	2	1411	2760	7	457	2.65e-94	319
NC_015119.1	gi|5835446|ref|NP_008370.1|COX1_13186	48.009	452	232	2	1411	2760	7	457	4.62e-94	318
NC_015119.1	gi|40548803|ref|NP_954717.1|	47.788	452	233	2	1411	2760	7	457	7.31e-94	318
NC_015119.1	gi|23395808|ref|NP_694905.1|	47.124	452	236	2	1411	2760	7	457	1.36e-93	317
NC_015119.1	gi|299828995|ref|YP_003734888.1|	47.661	449	232	2	1420	2760	10	457	1.73e-93	317
NC_015119.1	gi|302424149|gb|ADL39026.1|	48.299	441	225	2	1444	2760	17	456	5.28e-93	315
NC_015119.1	gi|306960080|ref|YP_003875468.1|	48.299	441	225	2	1444	2760	17	456	5.28e-93	315
NC_015119.1	gi|406362774|dbj|BAM44915.1|	62.021	287	109	0	1657	2517	8	294	8.67e-81	270
NC_015119.1	gi|406362778|dbj|BAM44917.1|	62.021	287	109	0	1657	2517	8	294	8.67e-81	270
NC_015119.1	gi|406362782|dbj|BAM44919.1|	62.021	287	109	0	1657	2517	8	294	8.67e-81	270
NC_015119.1	gi|406362776|dbj|BAM44916.1|	62.021	287	109	0	1657	2517	8	294	8.67e-81	270
NC_015119.1	gi|406362780|dbj|BAM44918.1|	62.021	287	109	0	1657	2517	8	294	9.36e-81	270
NC_015119.1	gi|224176451|dbj|BAH23580.1|	64.474	228	80	1	1657	2340	8	234	8.90e-70	236
NC_015119.1	gi|224176459|dbj|BAH23582.1|	64.474	228	80	1	1657	2340	8	234	8.90e-70	236
NC_015119.1	gi|224176447|dbj|BAH23579.1|	64.474	228	80	1	1657	2340	8	234	8.90e-70	236
NC_015119.1	gi|224176455|dbj|BAH23581.1|	64.474	228	80	1	1657	2340	8	234	8.90e-70	236
NC_015119.1	gi|256856180|dbj|BAI22683.1|	63.596	228	82	1	1657	2340	8	234	2.43e-69	235
NC_015119.1	gi|256856182|dbj|BAI22684.1|	63.596	228	82	1	1657	2340	8	234	2.43e-69	235
NC_015119.1	gi|283945429|dbj|BAI66460.1|	63.182	220	80	1	1663	2322	1	219	1.16e-65	224
NC_015119.1	gi|283945427|dbj|BAI66459.1|	63.182	220	80	1	1663	2322	1	219	1.16e-65	224
NC_015119.1	gi|283945431|dbj|BAI66461.1|	63.182	220	80	1	1663	2322	1	219	1.16e-65	224
NC_015119.1	gi|284507069|dbj|BAI67602.1|	64.091	220	78	1	1663	2322	1	219	1.41e-65	223
NC_015119.1	gi|284507063|dbj|BAI67601.1|	63.636	220	79	1	1663	2322	1	219	1.48e-65	223
NC_015119.1	gi|284507059|dbj|BAI67600.1|	63.636	220	79	1	1663	2322	1	219	1.90e-65	223
NC_015119.1	gi|404428917|gb|AFR68542.1|	63.551	214	78	0	2068	2709	1	214	6.80e-64	218
NC_015119.1	gi|404428921|gb|AFR68544.1|	63.551	214	78	0	2068	2709	1	214	6.80e-64	218
NC_015119.1	gi|404428915|gb|AFR68541.1|	63.551	214	78	0	2068	2709	1	214	6.80e-64	218
NC_015119.1	gi|402234571|gb|AFQ37411.1|	63.551	214	78	0	2068	2709	1	214	8.09e-64	218
NC_015119.1	gi|402234569|gb|AFQ37410.1|	63.551	214	78	0	2068	2709	1	214	1.03e-63	218
NC_015119.1	gi|402234573|gb|AFQ37412.1|	63.551	214	78	0	2068	2709	1	214	1.03e-63	218
NC_015119.1	gi|404428913|gb|AFR68540.1|	63.551	214	78	0	2068	2709	1	214	1.03e-63	218
NC_015119.1	gi|404428925|gb|AFR68546.1|	63.551	214	78	0	2068	2709	1	214	1.03e-63	218
NC_015119.1	gi|404428937|gb|AFR68552.1|	63.551	214	78	0	2068	2709	1	214	1.03e-63	218
NC_015119.1	gi|404428941|gb|AFR68554.1|	63.551	214	78	0	2068	2709	1	214	1.03e-63	218
NC_015119.1	gi|404428945|gb|AFR68556.1|	63.551	214	78	0	2068	2709	1	214	1.03e-63	218
NC_015119.1	gi|404428953|gb|AFR68560.1|	63.551	214	78	0	2068	2709	1	214	1.03e-63	218
NC_015119.1	gi|404428957|gb|AFR68562.1|	63.551	214	78	0	2068	2709	1	214	1.03e-63	218
NC_015119.1	gi|404428961|gb|AFR68564.1|	63.551	214	78	0	2068	2709	1	214	1.03e-63	218
NC_015119.1	gi|404428965|gb|AFR68566.1|	63.551	214	78	0	2068	2709	1	214	1.03e-63	218
NC_015119.1	gi|404428973|gb|AFR68570.1|	63.551	214	78	0	2068	2709	1	214	1.03e-63	218
NC_015119.1	gi|404428923|gb|AFR68545.1|	63.551	214	78	0	2068	2709	1	214	1.03e-63	218
NC_015119.1	gi|404428927|gb|AFR68547.1|	63.551	214	78	0	2068	2709	1	214	1.03e-63	218
NC_015119.1	gi|404428931|gb|AFR68549.1|	63.551	214	78	0	2068	2709	1	214	1.03e-63	218
NC_015119.1	gi|404428935|gb|AFR68551.1|	63.551	214	78	0	2068	2709	1	214	1.03e-63	218
NC_015119.1	gi|404428939|gb|AFR68553.1|	63.551	214	78	0	2068	2709	1	214	1.03e-63	218
NC_015119.1	gi|404428943|gb|AFR68555.1|	63.551	214	78	0	2068	2709	1	214	1.03e-63	218
NC_015119.1	gi|404428947|gb|AFR68557.1|	63.551	214	78	0	2068	2709	1	214	1.03e-63	218
NC_015119.1	gi|404428959|gb|AFR68563.1|	63.551	214	78	0	2068	2709	1	214	1.03e-63	218
NC_015119.1	gi|404428967|gb|AFR68567.1|	63.551	214	78	0	2068	2709	1	214	1.03e-63	218
NC_015119.1	gi|404428975|gb|AFR68571.1|	63.551	214	78	0	2068	2709	1	214	1.03e-63	218
NC_015119.1	gi|404428949|gb|AFR68558.1|	63.551	214	78	0	2068	2709	1	214	1.06e-63	218
NC_015119.1	gi|404428969|gb|AFR68568.1|	63.551	214	78	0	2068	2709	1	214	1.06e-63	218
NC_015119.1	gi|404428911|gb|AFR68539.1|	63.551	214	78	0	2068	2709	1	214	1.06e-63	218
NC_015119.1	gi|404428919|gb|AFR68543.1|	63.551	214	78	0	2068	2709	1	214	1.06e-63	218
NC_015119.1	gi|404428955|gb|AFR68561.1|	63.551	214	78	0	2068	2709	1	214	1.06e-63	218
NC_015119.1	gi|404428971|gb|AFR68569.1|	63.551	214	78	0	2068	2709	1	214	1.06e-63	218
NC_015119.1	gi|404428951|gb|AFR68559.1|	63.084	214	79	0	2068	2709	1	214	4.65e-63	216
NC_015119.1	gi|404428963|gb|AFR68565.1|	63.084	214	79	0	2068	2709	1	214	7.54e-63	216
NC_015119.1	gi|404428929|gb|AFR68548.1|	63.084	214	79	0	2068	2709	1	214	1.13e-62	215
NC_015119.1	gi|402234575|gb|AFQ37413.1|	62.617	214	80	0	2068	2709	1	214	3.65e-62	213
NC_015119.1	gi|404428933|gb|AFR68550.1|	62.617	214	80	0	2068	2709	1	214	7.83e-62	213
NC_015119.1	gi|50981975|gb|AAT91657.1|	65.700	207	70	1	1681	2301	1	206	2.26e-59	205
NC_015119.1	gi|50981997|gb|AAT91668.1|	66.184	207	69	1	1681	2301	1	206	3.08e-59	205
NC_015119.1	gi|50982093|gb|AAT91716.1|	65.217	207	71	1	1681	2301	1	206	5.20e-59	204
NC_015119.1	gi|50981971|gb|AAT91655.1|	65.217	207	71	1	1681	2301	1	206	8.76e-59	203
NC_015119.1	gi|50982055|gb|AAT91697.1|	65.217	207	71	1	1681	2301	1	206	8.76e-59	203
NC_015119.1	gi|50982091|gb|AAT91715.1|	65.217	207	71	1	1681	2301	1	206	8.76e-59	203
NC_015119.1	gi|50981969|gb|AAT91654.1|	65.217	207	71	1	1681	2301	1	206	8.76e-59	203
NC_015119.1	gi|50981967|gb|AAT91653.1|	65.700	207	70	1	1681	2301	1	206	9.94e-59	203
NC_015119.1	gi|50982075|gb|AAT91707.1|	65.700	207	70	1	1681	2301	1	206	9.94e-59	203
NC_015119.1	gi|50982069|gb|AAT91704.1|	65.700	207	70	1	1681	2301	1	206	9.94e-59	203
NC_015119.1	gi|50982073|gb|AAT91706.1|	65.700	207	70	1	1681	2301	1	206	9.94e-59	203
NC_015119.1	gi|50982039|gb|AAT91689.1|	64.734	207	72	1	1681	2301	1	206	1.42e-58	203
NC_015119.1	gi|50982061|gb|AAT91700.1|	65.700	207	70	1	1681	2301	1	206	1.61e-58	202
NC_015119.1	gi|50982013|gb|AAT91676.1|	64.251	207	73	1	1681	2301	1	206	1.96e-58	202
NC_015119.1	gi|50982087|gb|AAT91713.1|	65.217	207	71	1	1681	2301	1	206	2.49e-58	202
NC_015119.1	gi|50982065|gb|AAT91702.1|	65.217	207	71	1	1681	2301	1	206	2.61e-58	202
NC_015119.1	gi|50982047|gb|AAT91693.1|	64.251	207	73	1	1681	2301	1	206	2.66e-58	202
NC_015119.1	gi|50982077|gb|AAT91708.1|	65.700	207	70	1	1681	2301	1	206	2.85e-58	202
NC_015119.1	gi|50981999|gb|AAT91669.1|	65.217	207	71	1	1681	2301	1	206	3.20e-58	202
NC_015119.1	gi|50982053|gb|AAT91696.1|	64.734	207	72	1	1681	2301	1	206	3.81e-58	202
NC_015119.1	gi|50981993|gb|AAT91666.1|	62.319	207	77	1	1681	2301	1	206	3.85e-58	202
NC_015119.1	gi|50981963|gb|AAT91651.1|	64.734	207	72	1	1681	2301	1	206	4.58e-58	201
NC_015119.1	gi|50982019|gb|AAT91679.1|	64.734	207	72	1	1681	2301	1	206	4.58e-58	201
NC_015119.1	gi|50982035|gb|AAT91687.1|	64.734	207	72	1	1681	2301	1	206	4.58e-58	201
NC_015119.1	gi|50982009|gb|AAT91674.1|	64.734	207	72	1	1681	2301	1	206	4.58e-58	201
NC_015119.1	gi|50982049|gb|AAT91694.1|	64.734	207	72	1	1681	2301	1	206	4.58e-58	201
NC_015119.1	gi|50982071|gb|AAT91705.1|	64.734	207	72	1	1681	2301	1	206	4.71e-58	201
NC_015119.1	gi|50981991|gb|AAT91665.1|	64.734	207	72	1	1681	2301	1	206	5.09e-58	201
NC_015119.1	gi|50981979|gb|AAT91659.1|	63.768	207	74	1	1681	2301	1	206	5.34e-58	201
NC_015119.1	gi|50981983|gb|AAT91661.1|	63.768	207	74	1	1681	2301	1	206	5.34e-58	201
NC_015119.1	gi|50982023|gb|AAT91681.1|	63.768	207	74	1	1681	2301	1	206	5.34e-58	201
NC_015119.1	gi|50981995|gb|AAT91667.1|	64.251	207	73	1	1681	2301	1	206	5.40e-58	201
NC_015119.1	gi|50982067|gb|AAT91703.1|	64.734	207	72	1	1681	2301	1	206	5.89e-58	201
NC_015119.1	gi|50981965|gb|AAT91652.1|	64.734	207	72	1	1681	2301	1	206	6.00e-58	201
NC_015119.1	gi|50982007|gb|AAT91673.1|	64.734	207	72	1	1681	2301	1	206	6.67e-58	201
NC_015119.1	gi|50982001|gb|AAT91670.1|	64.734	207	72	1	1681	2301	1	206	7.35e-58	201
NC_015119.1	gi|50981959|gb|AAT91649.1|	64.251	207	73	1	1681	2301	1	206	7.72e-58	201
NC_015119.1	gi|50982051|gb|AAT91695.1|	64.251	207	73	1	1681	2301	1	206	8.34e-58	201
NC_015119.1	gi|50982027|gb|AAT91683.1|	63.768	207	74	1	1681	2301	1	206	8.75e-58	201
NC_015119.1	gi|50981973|gb|AAT91656.1|	63.285	207	75	1	1681	2301	1	206	9.18e-58	201
NC_015119.1	gi|50981989|gb|AAT91664.1|	64.251	207	73	1	1681	2301	1	206	1.30e-57	200
NC_015119.1	gi|50981955|gb|AAT91647.1|	64.251	207	73	1	1681	2301	1	206	1.31e-57	200
NC_015119.1	gi|50982029|gb|AAT91684.1|	64.251	207	73	1	1681	2301	1	206	1.74e-57	200
NC_015119.1	gi|50982003|gb|AAT91671.1|	64.734	207	72	1	1681	2301	1	206	1.99e-57	199
NC_015119.1	gi|50981977|gb|AAT91658.1|	63.768	207	74	1	1681	2301	1	206	2.82e-57	199
NC_015119.1	gi|50982059|gb|AAT91699.1|	64.251	207	73	1	1681	2301	1	206	2.99e-57	199
NC_015119.1	gi|50982043|gb|AAT91691.1|	64.251	207	73	1	1681	2301	1	206	3.32e-57	199
NC_015119.1	gi|50982015|gb|AAT91677.1|	64.251	207	73	1	1681	2301	1	206	4.44e-57	199
NC_015119.1	gi|50982079|gb|AAT91709.1|	62.802	207	76	1	1681	2301	1	206	4.98e-57	198
NC_015119.1	gi|50982025|gb|AAT91682.1|	63.768	207	74	1	1681	2301	1	206	5.99e-57	198
NC_015119.1	gi|50982083|gb|AAT91711.1|	64.251	207	73	1	1681	2301	1	206	6.23e-57	198
NC_015119.1	gi|50982081|gb|AAT91710.1|	64.251	207	73	1	1681	2301	1	206	6.23e-57	198
NC_015119.1	gi|50982017|gb|AAT91678.1|	63.768	207	74	1	1681	2301	1	206	7.70e-57	198
NC_015119.1	gi|50981957|gb|AAT91648.1|	64.251	207	73	1	1681	2301	1	206	8.65e-57	198
NC_015119.1	gi|50982021|gb|AAT91680.1|	64.251	207	73	1	1681	2301	1	206	8.65e-57	198
NC_015119.1	gi|50982045|gb|AAT91692.1|	64.251	207	73	1	1681	2301	1	206	8.65e-57	198
NC_015119.1	gi|50981953|gb|AAT91646.1|	63.768	207	74	1	1681	2301	1	206	1.12e-56	197
NC_015119.1	gi|50982033|gb|AAT91686.1|	63.768	207	74	1	1681	2301	1	206	1.31e-56	197
NC_015119.1	gi|50981981|gb|AAT91660.1|	63.285	207	75	1	1681	2301	1	206	1.42e-56	197
NC_015119.1	gi|50982041|gb|AAT91690.1|	64.251	207	73	1	1681	2301	1	206	1.52e-56	197
NC_015119.1	gi|50982089|gb|AAT91714.1|	63.285	207	75	1	1681	2301	1	206	2.50e-56	196
NC_015119.1	gi|50982085|gb|AAT91712.1|	63.768	207	74	1	1681	2301	1	206	4.14e-56	196
NC_015119.1	gi|50982005|gb|AAT91672.1|	63.768	207	74	1	1681	2301	1	206	2.48e-55	194
NC_015119.1	gi|50982057|gb|AAT91698.1|	63.768	207	74	1	1681	2301	1	206	5.80e-55	192
NC_015119.1	gi|50982037|gb|AAT91688.1|	64.251	207	73	1	1681	2301	1	206	1.17e-54	192
NC_015119.1	gi|50981961|gb|AAT91650.1|	62.319	207	77	1	1681	2301	1	206	1.29e-54	191
NC_015119.1	gi|50982011|gb|AAT91675.1|	62.319	207	77	1	1681	2301	1	206	5.67e-54	190
NC_015119.1	gi|50981987|gb|AAT91663.1|	63.285	207	75	1	1681	2301	1	206	5.73e-54	190
NC_015119.1	gi|50981985|gb|AAT91662.1|	60.386	207	81	1	1681	2301	1	206	3.17e-53	187
NC_015119.1	gi|50982031|gb|AAT91685.1|	62.802	207	76	1	1681	2301	1	206	1.34e-52	186
NC_015119.1	gi|50982063|gb|AAT91701.1|	61.353	207	79	1	1681	2301	1	206	1.22e-50	180
NC_015119.1	gi|162424487|ref|YP_665494.2|	44.231	312	166	6	10540	11469	45	350	1.23e-50	186
NC_015119.1	gi|30725257|ref|NP_851325.1|	42.029	276	144	5	12492	11668	18	278	1.64e-48	177
NC_015119.1	gi|288903419|ref|YP_003434140.1|	41.290	310	178	2	10540	11469	47	352	4.28e-48	179
NC_015119.1	gi|91176176|ref|YP_537090.1|	42.391	276	143	5	12492	11668	18	278	4.46e-48	176
NC_015119.1	gi|288903362|ref|YP_003434087.1|	41.935	310	176	2	10540	11469	47	352	1.02e-47	177
NC_015119.1	gi|169160127|ref|YP_001700370.1|	42.718	309	173	2	10540	11466	47	351	1.33e-47	177
NC_015119.1	gi|353526752|ref|YP_004927929.1|	42.357	314	177	2	10543	11484	44	353	2.97e-47	176
NC_015119.1	gi|160694987|ref|YP_001552233.1|CYTB_21467	40.867	323	185	3	10540	11502	47	365	3.38e-47	176
NC_015119.1	gi|357018145|ref|YP_004935194.1|	42.029	276	144	5	12492	11668	18	278	4.03e-47	173
NC_015119.1	gi|288903359|ref|YP_003434084.1|	42.238	277	141	7	12492	11668	18	277	4.10e-47	173
NC_015119.1	gi|5834888|ref|NP_006958.1|CYTB_10021	41.935	310	176	2	10540	11469	47	352	4.34e-47	176
NC_015119.1	gi|326536055|ref|YP_004300490.1|	40.645	310	180	2	10540	11469	44	349	5.88e-47	175
NC_015119.1	gi|227437184|gb|ACP30388.1|	42.754	276	142	5	12492	11668	18	278	6.76e-47	172
NC_015119.1	gi|317134150|ref|YP_004123390.1|	42.754	276	142	5	12492	11668	18	278	6.76e-47	172
NC_015119.1	gi|255506297|ref|YP_003097131.1|	40.453	309	180	2	10540	11466	43	347	8.55e-47	175
NC_015119.1	gi|288900699|ref|YP_003433733.1|	41.877	277	142	7	12492	11668	16	275	1.38e-46	171
NC_015119.1	gi|399934480|gb|AFP58677.1|	39.677	310	183	2	10540	11469	46	351	2.51e-46	174
NC_015119.1	gi|404333733|ref|YP_006702546.1|	39.677	310	183	2	10540	11469	46	351	2.51e-46	174
NC_015119.1	gi|288903318|ref|YP_003434046.1|	42.238	277	141	7	12492	11668	16	275	6.46e-46	169
NC_015119.1	gi|395486326|gb|AFN67108.1|	46.667	225	119	1	1657	2331	6	229	6.79e-46	167
NC_015119.1	gi|395486324|gb|AFN67107.1|	46.667	225	119	1	1657	2331	6	229	7.19e-46	167
NC_015119.1	gi|395486322|gb|AFN67106.1|	46.667	225	119	1	1657	2331	13	236	7.57e-46	167
NC_015119.1	gi|353526749|ref|YP_004927926.1|	40.909	264	142	5	12492	11701	18	267	7.67e-46	169
NC_015119.1	gi|296315373|emb|CAQ56153.1|	42.029	276	144	5	12492	11668	18	278	8.77e-46	169
NC_015119.1	gi|343198259|ref|YP_004778128.1|	41.667	276	145	5	12492	11668	18	278	1.15e-45	169
NC_015119.1	gi|343198272|ref|YP_004778140.1|	41.667	276	145	5	12492	11668	18	278	1.15e-45	169
NC_015119.1	gi|296315386|emb|CAQ56165.1|	41.667	276	145	5	12492	11668	18	278	1.28e-45	169
NC_015119.1	gi|296940310|ref|YP_003667988.1|	41.667	276	145	5	12492	11668	18	278	1.28e-45	169
NC_015119.1	gi|225622203|ref|YP_002725716.1|	42.391	276	143	5	12492	11668	18	278	1.33e-45	169
NC_015119.1	gi|288904197|ref|YP_003434462.1|	42.754	276	142	5	12492	11668	18	278	1.53e-45	169
NC_015119.1	gi|385099663|ref|YP_006234123.1|	43.446	267	150	1	10552	11352	49	314	2.48e-45	171
NC_015119.1	gi|171260180|ref|YP_001795384.1|	42.029	276	144	5	12492	11668	18	278	4.00e-45	167
NC_015119.1	gi|288903227|ref|YP_003433835.1|	41.830	306	174	2	10540	11457	47	348	4.27e-45	170
NC_015119.1	gi|195972423|ref|YP_001700367.2|	40.942	276	147	5	12492	11668	18	278	7.18e-45	167
NC_015119.1	gi|19111752|ref|NP_579949.2|CYTB_15956	39.677	310	183	2	10540	11469	47	352	7.42e-45	169
NC_015119.1	gi|189095446|ref|YP_001936458.1|	42.391	276	143	5	12492	11668	18	278	7.90e-45	167
NC_015119.1	gi|288900712|ref|YP_003433745.1|	40.000	275	151	4	12492	11668	18	278	8.45e-45	166
NC_015119.1	gi|343198299|ref|YP_004778165.1|	40.580	276	148	5	12492	11668	18	278	1.05e-44	166
NC_015119.1	gi|225622193|ref|YP_002725707.1|	41.946	298	169	2	10540	11433	47	340	1.23e-44	169
NC_015119.1	gi|188011113|ref|YP_001905886.1|	41.304	276	146	5	12492	11668	18	278	1.30e-44	166
NC_015119.1	gi|388892219|gb|AFK81040.1|	37.898	314	191	2	10543	11484	48	357	1.39e-44	169
NC_015119.1	gi|404333648|ref|YP_006702467.1|	37.898	314	191	2	10543	11484	48	357	1.39e-44	169
NC_015119.1	gi|124286781|ref|YP_001023672.1|	40.635	315	179	6	10543	11481	38	346	2.14e-44	168
NC_015119.1	gi|288900703|ref|YP_003433737.1|	50.754	199	95	2	4872	5468	56	251	3.37e-44	164
NC_015119.1	gi|357018124|ref|YP_004935175.1|	41.667	276	145	5	12492	11668	18	278	3.40e-44	165
NC_015119.1	gi|119655312|ref|YP_918978.1|	39.683	315	184	4	10561	11502	44	353	3.58e-44	167
NC_015119.1	gi|5834874|ref|NP_006943.1|ND1_10020	41.304	276	146	5	12492	11668	18	278	4.71e-44	164
NC_015119.1	gi|324516901|gb|ADY46668.1|	41.667	276	145	5	12492	11668	30	290	5.28e-44	164
NC_015119.1	gi|288904201|ref|YP_003434466.1|	52.000	200	92	4	4872	5468	56	252	5.72e-44	163
NC_015119.1	gi|395486328|gb|AFN67109.1|	46.396	222	118	1	1657	2322	6	226	5.76e-44	162
NC_015119.1	gi|288903363|ref|YP_003434088.1|	51.256	199	94	2	4872	5468	56	251	1.06e-43	162
NC_015119.1	gi|30725260|ref|NP_851328.1|	41.748	309	176	2	10540	11466	47	351	1.18e-43	166
NC_015119.1	gi|288903294|ref|YP_003433938.1|	39.185	319	190	2	10540	11496	48	362	1.27e-43	166
NC_015119.1	gi|288903291|ref|YP_003433935.1|	40.357	280	143	5	12492	11668	18	278	1.29e-43	163
NC_015119.1	gi|119360185|ref|YP_913160.1|	40.062	322	187	4	10540	11502	41	357	1.30e-43	166
NC_015119.1	gi|385137025|ref|YP_006234084.1|	41.241	274	160	1	10543	11364	48	320	1.51e-43	166
NC_015119.1	gi|5834896|ref|NP_006955.1|ND1_10021	41.091	275	148	5	12492	11668	18	278	1.93e-43	162
NC_015119.1	gi|116510839|ref|YP_817457.1|	41.379	319	183	2	10540	11496	47	361	3.81e-43	164
NC_015119.1	gi|225622189|ref|YP_002725704.1|	41.667	276	145	5	12492	11668	19	279	4.57e-43	161
NC_015119.1	gi|119637800|ref|YP_918965.1|	38.050	318	175	5	10576	11502	54	358	4.87e-43	164
NC_015119.1	gi|296315390|emb|CAQ56169.1|	50.754	199	95	2	4872	5468	56	251	6.84e-43	160
NC_015119.1	gi|296940314|ref|YP_003667992.1|	50.754	199	95	2	4872	5468	56	251	6.84e-43	160
NC_015119.1	gi|30725261|ref|NP_851329.1|	51.256	199	94	2	4872	5468	56	251	8.53e-43	159
NC_015119.1	gi|19111749|ref|NP_579946.2|ND1_15956	41.455	275	145	5	12492	11671	18	277	9.57e-43	160
NC_015119.1	gi|288903237|ref|YP_003433885.1|	41.791	268	140	5	12468	11668	26	278	9.66e-43	160
NC_015119.1	gi|171260183|ref|YP_001795387.1|	42.975	242	137	1	10540	11265	45	285	1.01e-42	163
NC_015119.1	gi|326536052|ref|YP_004300487.1|	40.217	276	149	4	12492	11668	18	278	1.23e-42	160
NC_015119.1	gi|19111765|ref|NP_579962.2|	51.256	199	94	2	4872	5468	56	251	1.34e-42	159
NC_015119.1	gi|288903420|ref|YP_003434141.1|	51.759	199	93	2	4872	5468	56	251	1.56e-42	159
NC_015119.1	gi|288903322|ref|YP_003434050.1|	51.256	199	94	2	4872	5468	56	251	1.58e-42	159
NC_015119.1	gi|326536056|ref|YP_004300491.1|	51.256	199	94	2	4872	5468	56	251	1.72e-42	159
NC_015119.1	gi|294368078|ref|YP_003433901.2|	50.754	199	95	2	4872	5468	56	251	1.76e-42	159
NC_015119.1	gi|288904200|ref|YP_003434465.1|	40.667	300	174	2	10540	11439	47	342	1.95e-42	162
NC_015119.1	gi|288903241|ref|YP_003433889.1|	50.754	199	95	2	4872	5468	56	251	3.04e-42	158
NC_015119.1	gi|116510833|ref|YP_817451.1|	40.217	276	149	4	12492	11668	18	278	3.08e-42	159
NC_015119.1	gi|296315377|emb|CAQ56157.1|	50.754	199	95	2	4872	5468	56	251	3.19e-42	158
NC_015119.1	gi|13195741|ref|NP_077260.1|CYTB_15606	43.191	257	145	1	10543	11313	48	303	3.44e-42	162
NC_015119.1	gi|158132503|ref|YP_001504337.1|ND1_21467	40.217	276	149	5	12492	11668	18	278	4.52e-42	159
NC_015119.1	gi|288900716|ref|YP_003433749.1|	50.000	200	96	3	4872	5468	56	252	4.68e-42	157
NC_015119.1	gi|99878588|ref|YP_615045.1|	39.319	323	182	5	10540	11496	38	350	5.29e-42	160
NC_015119.1	gi|91176179|ref|YP_537093.1|	40.323	310	181	2	10540	11469	43	348	1.02e-41	160
NC_015119.1	gi|49146525|ref|YP_026085.1|	49.749	199	97	2	4872	5468	56	251	1.07e-41	156
NC_015119.1	gi|99878752|ref|YP_615055.1|	43.354	316	172	5	10543	11484	37	347	1.24e-41	159
NC_015119.1	gi|49146524|ref|YP_026084.1|	42.562	242	138	1	10540	11265	45	285	1.26e-41	160
NC_015119.1	gi|188011116|ref|YP_001905889.1|	42.149	242	139	1	10540	11265	45	285	1.36e-41	160
NC_015119.1	gi|19111764|ref|NP_579961.2|	40.397	302	176	2	10540	11445	47	344	1.49e-41	160
NC_015119.1	gi|288903321|ref|YP_003434049.1|	40.498	321	187	2	10540	11502	47	363	1.52e-41	160
NC_015119.1	gi|288903295|ref|YP_003433939.1|	50.251	199	96	2	4872	5468	59	254	1.59e-41	156
NC_015119.1	gi|19111761|ref|NP_579958.2|	39.855	276	150	4	12492	11668	18	278	1.90e-41	157
NC_015119.1	gi|225622194|ref|YP_002725708.1|	50.754	199	95	2	4872	5468	56	251	2.59e-41	155
NC_015119.1	gi|353526753|ref|YP_004927930.1|	49.246	199	98	2	4872	5468	56	251	3.49e-41	155
NC_015119.1	gi|19111753|ref|NP_579950.2|COX3_15956	50.754	199	95	2	4872	5468	56	251	4.32e-41	154
NC_015119.1	gi|225622206|ref|YP_002725719.1|	39.677	310	183	2	10540	11469	47	352	4.53e-41	158
NC_015119.1	gi|5834889|ref|NP_006959.1|COX3_10021	48.241	199	100	2	4872	5468	56	251	5.13e-41	154
NC_015119.1	gi|225622207|ref|YP_002725720.1|	50.251	199	96	2	4872	5468	56	251	5.49e-41	154
NC_015119.1	gi|255506267|ref|YP_003097103.1|	41.455	275	147	3	12492	11668	18	278	5.62e-41	155
NC_015119.1	gi|158132499|ref|YP_001504334.1|COX3_21467	48.241	199	100	2	4872	5468	56	251	5.82e-41	154
NC_015119.1	gi|347600383|ref|YP_004857904.1|	44.398	241	133	1	10543	11265	45	284	6.23e-41	158
NC_015119.1	gi|255506270|ref|YP_003097106.1|	40.000	310	182	2	10540	11469	46	351	7.12e-41	158
NC_015119.1	gi|49147264|ref|YP_025922.1|	40.203	296	172	4	10573	11457	54	345	8.72e-41	157
NC_015119.1	gi|207266405|ref|YP_002261314.1|	39.259	270	138	5	12492	11701	15	264	9.03e-41	155
NC_015119.1	gi|343198261|ref|YP_004778131.1|	39.032	310	185	2	10540	11469	45	350	1.65e-40	157
NC_015119.1	gi|195972424|ref|YP_001700371.3|	52.261	199	92	2	4872	5468	56	251	3.13e-40	152
NC_015119.1	gi|296315389|emb|CAQ56168.1|	41.270	315	181	2	10540	11484	47	357	4.77e-40	155
NC_015119.1	gi|296940313|ref|YP_003667991.1|	41.270	315	181	2	10540	11484	47	357	4.77e-40	155
NC_015119.1	gi|388892233|gb|AFK81053.1|	43.038	237	134	1	10543	11253	48	283	5.35e-40	155
NC_015119.1	gi|404333662|ref|YP_006702480.1|	43.038	237	134	1	10543	11253	48	283	5.35e-40	155
NC_015119.1	gi|385137019|ref|YP_006234078.1|	39.209	278	157	4	12492	11668	18	286	8.09e-40	152
NC_015119.1	gi|296315376|emb|CAQ56156.1|	41.290	310	178	2	10540	11469	47	352	8.76e-40	154
NC_015119.1	gi|288903240|ref|YP_003433888.1|	41.290	310	178	2	10540	11469	47	352	8.76e-40	154
NC_015119.1	gi|288903228|ref|YP_003433836.1|	47.739	199	101	2	4872	5468	56	251	9.54e-40	150
NC_015119.1	gi|255506294|ref|YP_003097128.1|	40.580	276	148	5	12492	11668	18	278	1.28e-39	151
NC_015119.1	gi|116510840|ref|YP_817458.1|	48.500	200	98	3	4872	5468	56	251	1.75e-39	150
NC_015119.1	gi|324509478|gb|ADY43987.1|	40.625	256	136	5	12432	11668	14	254	2.23e-39	150
NC_015119.1	gi|288903203|ref|YP_003433813.1|	48.744	199	99	2	4872	5468	56	251	2.27e-39	150
NC_015119.1	gi|357018127|ref|YP_004935178.1|	40.000	310	182	2	10540	11469	42	347	4.42e-39	152
NC_015119.1	gi|353526732|ref|YP_004927910.1|	45.868	242	128	3	10540	11265	41	279	5.63e-39	152
NC_015119.1	gi|393716482|gb|AFN20658.1|	43.388	242	134	2	10540	11265	39	277	7.20e-39	152
NC_015119.1	gi|400201802|ref|YP_006576258.1|	43.388	242	134	2	10540	11265	39	277	7.20e-39	152
NC_015119.1	gi|399934477|gb|AFP58674.1|	38.929	280	145	5	12489	11668	20	279	7.27e-39	149
NC_015119.1	gi|404333730|ref|YP_006702543.1|	38.929	280	145	5	12489	11668	20	279	7.27e-39	149
NC_015119.1	gi|343198301|ref|YP_004778168.1|	38.387	310	187	2	10540	11469	45	350	7.98e-39	152
NC_015119.1	gi|5834877|ref|NP_006946.1|CYTB_10020	40.000	310	182	2	10540	11469	42	347	9.00e-39	151
NC_015119.1	gi|288900702|ref|YP_003433736.1|	41.503	306	175	2	10540	11457	47	348	1.18e-38	151
NC_015119.1	gi|324527287|gb|ADY48766.1|	42.358	229	124	3	12492	11806	7	227	1.28e-38	147
NC_015119.1	gi|343198274|ref|YP_004778143.1|	39.032	310	185	2	10540	11469	45	350	1.55e-38	151
NC_015119.1	gi|294368074|ref|YP_003433897.2|	38.686	274	153	5	12489	11668	21	279	1.74e-38	148
NC_015119.1	gi|189095450|ref|YP_001936462.1|	49.749	199	97	2	4872	5468	56	251	1.88e-38	147
NC_015119.1	gi|388892227|gb|AFK81047.1|	38.768	276	157	4	12492	11674	18	284	2.21e-38	148
NC_015119.1	gi|404333656|ref|YP_006702474.1|	38.768	276	157	4	12492	11674	18	284	2.21e-38	148
NC_015119.1	gi|347600386|ref|YP_004857907.1|	39.015	264	147	3	12492	11701	20	269	2.43e-38	148
NC_015119.1	gi|91176180|ref|YP_537094.1|	48.241	199	100	2	4872	5468	56	251	2.50e-38	147
NC_015119.1	gi|307375478|gb|ADN43971.1|	38.710	310	184	3	10540	11469	41	344	2.96e-38	150
NC_015119.1	gi|357018005|ref|YP_004935016.1|	38.710	310	184	3	10540	11469	41	344	2.96e-38	150
NC_015119.1	gi|332164907|gb|AEE11947.1|	44.628	242	131	2	10540	11265	41	279	3.32e-38	150
NC_015119.1	gi|357017817|ref|YP_004934849.1|	44.628	242	131	2	10540	11265	41	279	3.32e-38	150
NC_015119.1	gi|357018147|ref|YP_004935197.1|	38.889	306	183	2	10540	11457	45	346	3.44e-38	150
NC_015119.1	gi|49146521|ref|YP_026081.1|	40.000	275	151	3	12492	11668	18	278	4.37e-38	147
NC_015119.1	gi|23395810|ref|NP_694907.1|	38.926	298	176	3	10540	11433	41	332	4.67e-38	149
NC_015119.1	gi|171260184|ref|YP_001795388.1|	48.744	199	99	2	4872	5468	56	251	6.36e-38	145
NC_015119.1	gi|288903416|ref|YP_003434137.1|	42.391	276	143	5	12492	11668	18	278	8.96e-38	146
NC_015119.1	gi|299828997|ref|YP_003734890.1|	43.802	242	133	2	10540	11265	39	277	9.51e-38	148
NC_015119.1	gi|188011117|ref|YP_001905890.1|	48.744	199	99	2	4872	5468	56	251	1.42e-37	144
NC_015119.1	gi|227437187|gb|ACP30391.1|	40.777	309	179	2	10543	11469	46	350	1.98e-37	147
NC_015119.1	gi|317134153|ref|YP_004123393.1|	40.777	309	179	2	10543	11469	46	350	1.98e-37	147
NC_015119.1	gi|302424151|gb|ADL39028.1|	42.149	242	137	2	10540	11265	39	277	2.05e-37	147
NC_015119.1	gi|306960082|ref|YP_003875470.1|	42.149	242	137	2	10540	11265	39	277	2.05e-37	147
NC_015119.1	gi|399934481|gb|AFP58678.1|	47.150	193	100	1	4890	5468	61	251	2.07e-37	144
NC_015119.1	gi|404333734|ref|YP_006702547.1|	47.150	193	100	1	4890	5468	61	251	2.07e-37	144
NC_015119.1	gi|189095449|ref|YP_001936461.1|	42.975	242	137	1	10540	11265	45	285	2.18e-37	147
NC_015119.1	gi|307557829|gb|ADN52153.1|	45.455	242	129	2	10540	11265	41	279	2.19e-37	147
NC_015119.1	gi|357018135|ref|YP_004935185.1|	45.455	242	129	2	10540	11265	41	279	2.19e-37	147
NC_015119.1	gi|392282155|gb|AFM53696.1|	48.000	175	90	1	1699	2223	1	174	2.44e-37	142
NC_015119.1	gi|288900715|ref|YP_003433748.1|	40.645	310	180	2	10540	11469	47	352	2.56e-37	147
NC_015119.1	gi|288903288|ref|YP_003433932.1|	44.681	282	149	2	7695	6850	105	379	4.21e-37	150
NC_015119.1	gi|399144541|gb|AFP24942.1|	42.562	242	138	1	10540	11265	44	284	1.08e-36	145
NC_015119.1	gi|288903315|ref|YP_003434043.1|	42.857	301	150	6	7698	6817	104	389	1.25e-36	149
NC_015119.1	gi|5835448|ref|NP_008372.1|CYTB_13186	44.215	242	132	2	10540	11265	39	277	1.33e-36	145
NC_015119.1	gi|288903202|ref|YP_003433812.1|	39.414	307	181	3	10540	11457	47	349	1.61e-36	145
NC_015119.1	gi|338970774|gb|AEJ33700.1|	60.440	182	71	1	1525	2070	3	183	1.75e-36	139
NC_015119.1	gi|338970778|gb|AEJ33702.1|	60.440	182	71	1	1525	2070	3	183	1.75e-36	139
NC_015119.1	gi|338970782|gb|AEJ33704.1|	60.440	182	71	1	1525	2070	3	183	1.75e-36	139
NC_015119.1	gi|338970786|gb|AEJ33706.1|	60.440	182	71	1	1525	2070	3	183	1.75e-36	139
NC_015119.1	gi|338970790|gb|AEJ33708.1|	60.440	182	71	1	1525	2070	3	183	1.75e-36	139
NC_015119.1	gi|338970794|gb|AEJ33710.1|	60.440	182	71	1	1525	2070	3	183	1.75e-36	139
NC_015119.1	gi|338970798|gb|AEJ33712.1|	60.440	182	71	1	1525	2070	3	183	1.75e-36	139
NC_015119.1	gi|338970802|gb|AEJ33714.1|	60.440	182	71	1	1525	2070	3	183	1.75e-36	139
NC_015119.1	gi|338970806|gb|AEJ33716.1|	60.440	182	71	1	1525	2070	3	183	1.75e-36	139
NC_015119.1	gi|338970814|gb|AEJ33720.1|	60.440	182	71	1	1525	2070	3	183	1.75e-36	139
NC_015119.1	gi|338970818|gb|AEJ33722.1|	60.440	182	71	1	1525	2070	3	183	1.75e-36	139
NC_015119.1	gi|338970846|gb|AEJ33736.1|	60.440	182	71	1	1525	2070	3	183	1.75e-36	139
NC_015119.1	gi|338970850|gb|AEJ33738.1|	60.440	182	71	1	1525	2070	3	183	1.75e-36	139
NC_015119.1	gi|338970854|gb|AEJ33740.1|	60.440	182	71	1	1525	2070	3	183	1.75e-36	139
NC_015119.1	gi|338970878|gb|AEJ33752.1|	60.440	182	71	1	1525	2070	3	183	1.75e-36	139
NC_015119.1	gi|338970882|gb|AEJ33754.1|	60.440	182	71	1	1525	2070	3	183	1.75e-36	139
NC_015119.1	gi|338970886|gb|AEJ33756.1|	60.440	182	71	1	1525	2070	3	183	1.75e-36	139
NC_015119.1	gi|338970890|gb|AEJ33758.1|	60.440	182	71	1	1525	2070	3	183	1.75e-36	139
NC_015119.1	gi|338970894|gb|AEJ33760.1|	60.440	182	71	1	1525	2070	3	183	1.75e-36	139
NC_015119.1	gi|338970898|gb|AEJ33762.1|	60.440	182	71	1	1525	2070	3	183	1.75e-36	139
NC_015119.1	gi|338970902|gb|AEJ33764.1|	60.440	182	71	1	1525	2070	3	183	1.75e-36	139
NC_015119.1	gi|338970906|gb|AEJ33766.1|	60.440	182	71	1	1525	2070	3	183	1.75e-36	139
NC_015119.1	gi|338970768|gb|AEJ33697.1|	60.440	182	71	1	1525	2070	3	183	1.75e-36	139
NC_015119.1	gi|338970772|gb|AEJ33699.1|	60.440	182	71	1	1525	2070	3	183	1.75e-36	139
NC_015119.1	gi|338970776|gb|AEJ33701.1|	60.440	182	71	1	1525	2070	3	183	1.75e-36	139
NC_015119.1	gi|338970780|gb|AEJ33703.1|	60.440	182	71	1	1525	2070	3	183	1.75e-36	139
NC_015119.1	gi|338970784|gb|AEJ33705.1|	60.440	182	71	1	1525	2070	3	183	1.75e-36	139
NC_015119.1	gi|338970792|gb|AEJ33709.1|	60.440	182	71	1	1525	2070	3	183	1.75e-36	139
NC_015119.1	gi|338970796|gb|AEJ33711.1|	60.440	182	71	1	1525	2070	3	183	1.75e-36	139
NC_015119.1	gi|338970800|gb|AEJ33713.1|	60.440	182	71	1	1525	2070	3	183	1.75e-36	139
NC_015119.1	gi|338970804|gb|AEJ33715.1|	60.440	182	71	1	1525	2070	3	183	1.75e-36	139
NC_015119.1	gi|338970816|gb|AEJ33721.1|	60.440	182	71	1	1525	2070	3	183	1.75e-36	139
NC_015119.1	gi|338970844|gb|AEJ33735.1|	60.440	182	71	1	1525	2070	3	183	1.75e-36	139
NC_015119.1	gi|338970848|gb|AEJ33737.1|	60.440	182	71	1	1525	2070	3	183	1.75e-36	139
NC_015119.1	gi|338970852|gb|AEJ33739.1|	60.440	182	71	1	1525	2070	3	183	1.75e-36	139
NC_015119.1	gi|338970876|gb|AEJ33751.1|	60.440	182	71	1	1525	2070	3	183	1.75e-36	139
NC_015119.1	gi|338970880|gb|AEJ33753.1|	60.440	182	71	1	1525	2070	3	183	1.75e-36	139
NC_015119.1	gi|338970888|gb|AEJ33757.1|	60.440	182	71	1	1525	2070	3	183	1.75e-36	139
NC_015119.1	gi|338970896|gb|AEJ33761.1|	60.440	182	71	1	1525	2070	3	183	1.75e-36	139
NC_015119.1	gi|338970900|gb|AEJ33763.1|	60.440	182	71	1	1525	2070	3	183	1.75e-36	139
NC_015119.1	gi|338970904|gb|AEJ33765.1|	60.440	182	71	1	1525	2070	3	183	1.75e-36	139
NC_015119.1	gi|338970908|gb|AEJ33767.1|	60.440	182	71	1	1525	2070	3	183	1.75e-36	139
NC_015119.1	gi|338970788|gb|AEJ33707.1|	60.440	182	71	1	1525	2070	3	183	2.13e-36	138
NC_015119.1	gi|255506298|ref|YP_003097132.1|	49.246	199	98	2	4872	5468	56	251	2.44e-36	141
NC_015119.1	gi|338970884|gb|AEJ33755.1|	60.440	182	71	1	1525	2070	3	183	2.87e-36	138
NC_015119.1	gi|338970770|gb|AEJ33698.1|	59.890	182	72	1	1525	2070	3	183	2.93e-36	138
NC_015119.1	gi|338970892|gb|AEJ33759.1|	59.890	182	72	1	1525	2070	3	183	2.93e-36	138
NC_015119.1	gi|294368077|ref|YP_003433900.2|	40.514	311	180	3	10540	11469	47	353	3.18e-36	144
NC_015119.1	gi|288900709|ref|YP_003433742.1|	43.617	282	152	1	7695	6850	105	379	3.46e-36	148
NC_015119.1	gi|338970810|gb|AEJ33718.1|	58.791	182	74	1	1525	2070	3	183	3.62e-36	138
NC_015119.1	gi|307557816|gb|ADN52141.1|	40.909	242	140	2	10540	11265	40	278	3.81e-36	144
NC_015119.1	gi|357018109|ref|YP_004935161.1|	40.909	242	140	2	10540	11265	40	278	3.81e-36	144
NC_015119.1	gi|338970808|gb|AEJ33717.1|	60.440	182	71	1	1525	2070	3	183	3.88e-36	137
NC_015119.1	gi|338970812|gb|AEJ33719.1|	60.440	182	71	1	1525	2070	3	183	3.88e-36	137
NC_015119.1	gi|338970830|gb|AEJ33728.1|	58.242	182	75	1	1525	2070	3	183	5.99e-36	137
NC_015119.1	gi|338970842|gb|AEJ33734.1|	58.242	182	75	1	1525	2070	3	183	5.99e-36	137
NC_015119.1	gi|338970820|gb|AEJ33723.1|	58.242	182	75	1	1525	2070	3	183	5.99e-36	137
NC_015119.1	gi|338970832|gb|AEJ33729.1|	58.242	182	75	1	1525	2070	3	183	5.99e-36	137
NC_015119.1	gi|338970840|gb|AEJ33733.1|	58.242	182	75	1	1525	2070	3	183	5.99e-36	137
NC_015119.1	gi|385099657|ref|YP_006234117.1|	39.146	281	149	7	12492	11674	18	284	6.34e-36	141
NC_015119.1	gi|338970722|gb|AEJ33674.1|	59.341	182	73	1	1525	2070	3	183	7.26e-36	137
NC_015119.1	gi|338970726|gb|AEJ33676.1|	59.341	182	73	1	1525	2070	3	183	7.26e-36	137
NC_015119.1	gi|338970730|gb|AEJ33678.1|	59.341	182	73	1	1525	2070	3	183	7.26e-36	137
NC_015119.1	gi|338970738|gb|AEJ33682.1|	59.890	182	72	1	1525	2070	3	183	7.26e-36	137
NC_015119.1	gi|338970742|gb|AEJ33684.1|	59.890	182	72	1	1525	2070	3	183	7.26e-36	137
NC_015119.1	gi|338970746|gb|AEJ33686.1|	59.890	182	72	1	1525	2070	3	183	7.26e-36	137
NC_015119.1	gi|338970750|gb|AEJ33688.1|	59.890	182	72	1	1525	2070	3	183	7.26e-36	137
NC_015119.1	gi|338970754|gb|AEJ33690.1|	59.890	182	72	1	1525	2070	3	183	7.26e-36	137
NC_015119.1	gi|338970758|gb|AEJ33692.1|	59.890	182	72	1	1525	2070	3	183	7.26e-36	137
NC_015119.1	gi|338970762|gb|AEJ33694.1|	59.890	182	72	1	1525	2070	3	183	7.26e-36	137
NC_015119.1	gi|338970766|gb|AEJ33696.1|	59.890	182	72	1	1525	2070	3	183	7.26e-36	137
NC_015119.1	gi|338970724|gb|AEJ33675.1|	59.341	182	73	1	1525	2070	3	183	7.26e-36	137
NC_015119.1	gi|338970728|gb|AEJ33677.1|	59.341	182	73	1	1525	2070	3	183	7.26e-36	137
NC_015119.1	gi|338970732|gb|AEJ33679.1|	59.341	182	73	1	1525	2070	3	183	7.26e-36	137
NC_015119.1	gi|338970736|gb|AEJ33681.1|	59.341	182	73	1	1525	2070	3	183	7.26e-36	137
NC_015119.1	gi|338970740|gb|AEJ33683.1|	59.890	182	72	1	1525	2070	3	183	7.26e-36	137
NC_015119.1	gi|338970744|gb|AEJ33685.1|	59.890	182	72	1	1525	2070	3	183	7.26e-36	137
NC_015119.1	gi|338970748|gb|AEJ33687.1|	59.890	182	72	1	1525	2070	3	183	7.26e-36	137
NC_015119.1	gi|338970752|gb|AEJ33689.1|	59.890	182	72	1	1525	2070	3	183	7.26e-36	137
NC_015119.1	gi|338970756|gb|AEJ33691.1|	59.890	182	72	1	1525	2070	3	183	7.26e-36	137
NC_015119.1	gi|338970764|gb|AEJ33695.1|	59.890	182	72	1	1525	2070	3	183	7.26e-36	137
NC_015119.1	gi|338970734|gb|AEJ33680.1|	59.890	182	72	1	1525	2070	3	183	7.70e-36	137
NC_015119.1	gi|338970720|gb|AEJ33673.1|	59.890	182	72	1	1525	2070	3	183	7.70e-36	137
NC_015119.1	gi|392282153|gb|AFM53695.1|	47.429	175	91	1	1699	2223	1	174	9.13e-36	137
NC_015119.1	gi|338970838|gb|AEJ33732.1|	59.341	182	73	1	1525	2070	3	183	1.05e-35	136
NC_015119.1	gi|338970858|gb|AEJ33742.1|	59.341	182	73	1	1525	2070	3	183	1.05e-35	136
NC_015119.1	gi|338970862|gb|AEJ33744.1|	59.341	182	73	1	1525	2070	3	183	1.05e-35	136
NC_015119.1	gi|338970866|gb|AEJ33746.1|	59.341	182	73	1	1525	2070	3	183	1.05e-35	136
NC_015119.1	gi|338970870|gb|AEJ33748.1|	59.341	182	73	1	1525	2070	3	183	1.05e-35	136
NC_015119.1	gi|338970874|gb|AEJ33750.1|	59.341	182	73	1	1525	2070	3	183	1.05e-35	136
NC_015119.1	gi|338970836|gb|AEJ33731.1|	59.341	182	73	1	1525	2070	3	183	1.05e-35	136
NC_015119.1	gi|338970856|gb|AEJ33741.1|	59.341	182	73	1	1525	2070	3	183	1.05e-35	136
NC_015119.1	gi|338970860|gb|AEJ33743.1|	59.341	182	73	1	1525	2070	3	183	1.05e-35	136
NC_015119.1	gi|338970864|gb|AEJ33745.1|	59.341	182	73	1	1525	2070	3	183	1.05e-35	136
NC_015119.1	gi|338970872|gb|AEJ33749.1|	59.341	182	73	1	1525	2070	3	183	1.05e-35	136
NC_015119.1	gi|347600384|ref|YP_004857905.1|	46.231	199	104	3	4872	5468	56	251	1.07e-35	139
NC_015119.1	gi|296315395|emb|CAQ56174.1|	42.908	282	154	1	7695	6850	105	379	1.07e-35	146
NC_015119.1	gi|296940319|ref|YP_003667997.1|	42.908	282	154	1	7695	6850	105	379	1.07e-35	146
NC_015119.1	gi|255506271|ref|YP_003097107.1|	47.739	199	101	2	4872	5468	56	251	1.21e-35	139
NC_015119.1	gi|338970822|gb|AEJ33724.1|	58.791	182	74	1	1525	2070	3	183	1.49e-35	136
NC_015119.1	gi|338970826|gb|AEJ33726.1|	58.791	182	74	1	1525	2070	3	183	1.49e-35	136
NC_015119.1	gi|338970834|gb|AEJ33730.1|	58.791	182	74	1	1525	2070	3	183	1.49e-35	136
NC_015119.1	gi|338970824|gb|AEJ33725.1|	58.791	182	74	1	1525	2070	3	183	1.49e-35	136
NC_015119.1	gi|338970828|gb|AEJ33727.1|	58.791	182	74	1	1525	2070	3	183	1.49e-35	136
NC_015119.1	gi|338970868|gb|AEJ33747.1|	58.791	182	74	1	1525	2070	3	183	1.49e-35	136
NC_015119.1	gi|207266409|ref|YP_002261318.1|	39.934	303	167	6	10543	11442	42	332	1.56e-35	142
NC_015119.1	gi|255506303|ref|YP_003097137.1|	39.667	300	159	6	7695	6817	104	388	1.59e-35	146
NC_015119.1	gi|288903234|ref|YP_003433882.1|	42.908	282	154	1	7695	6850	105	379	2.08e-35	145
NC_015119.1	gi|296315382|emb|CAQ56162.1|	42.908	282	154	1	7695	6850	105	379	2.12e-35	145
NC_015119.1	gi|338970760|gb|AEJ33693.1|	59.341	182	73	1	1525	2070	3	183	2.81e-35	135
NC_015119.1	gi|255506276|ref|YP_003097112.1|	37.912	364	206	4	7932	6850	33	379	3.55e-35	145
NC_015119.1	gi|346722066|gb|AEO50750.1|	46.893	177	93	1	1693	2223	1	176	5.44e-35	135
NC_015119.1	gi|346722064|gb|AEO50749.1|	47.159	176	92	1	1696	2223	1	175	7.93e-35	134
NC_015119.1	gi|346722068|gb|AEO50751.1|	47.159	176	92	1	1696	2223	1	175	7.93e-35	134
NC_015119.1	gi|225622187|ref|YP_002725701.1|	42.908	282	154	1	7695	6850	105	379	1.11e-34	143
NC_015119.1	gi|49147262|ref|YP_025920.1|	36.918	279	151	7	12489	11671	19	278	1.76e-34	137
NC_015119.1	gi|227437188|gb|ACP30392.1|	49.000	200	97	3	4872	5468	56	251	3.14e-34	135
NC_015119.1	gi|317134154|ref|YP_004123394.1|	49.000	200	97	3	4872	5468	56	251	3.14e-34	135
NC_015119.1	gi|288903221|ref|YP_003433829.1|	42.160	287	151	4	7698	6850	104	379	3.78e-34	142
NC_015119.1	gi|225622200|ref|YP_002725713.1|	41.844	282	157	1	7695	6850	105	379	4.67e-34	141
NC_015119.1	gi|294368071|ref|YP_003433894.2|	42.553	282	155	1	7695	6850	105	379	5.93e-34	141
NC_015119.1	gi|343198302|ref|YP_004778169.1|	48.744	199	99	2	4872	5468	56	251	6.33e-34	134
NC_015119.1	gi|343198275|ref|YP_004778144.1|	48.241	199	100	2	4872	5468	56	251	6.83e-34	134
NC_015119.1	gi|357018148|ref|YP_004935198.1|	47.739	199	101	2	4872	5468	56	251	1.27e-33	133
NC_015119.1	gi|353526757|ref|YP_004927933.1|	38.182	275	156	3	12492	11668	14	274	1.47e-33	134
NC_015119.1	gi|5834878|ref|NP_006947.1|COX3_10020	48.241	199	100	2	4872	5468	56	251	1.57e-33	133
NC_015119.1	gi|357018128|ref|YP_004935179.1|	48.241	199	100	2	4872	5468	56	251	1.62e-33	133
NC_015119.1	gi|124286771|ref|YP_001023662.1|	34.672	274	167	4	12492	11671	15	276	2.11e-33	134
NC_015119.1	gi|402580522|gb|EJW74472.1|	42.077	183	84	2	1675	2223	1	161	2.13e-33	133
NC_015119.1	gi|402580522|gb|EJW74472.1|	47.573	103	54	0	2452	2760	171	273	1.70e-22	101
NC_015119.1	gi|13195747|ref|NP_077266.1|COX2_15606	52.381	126	55	3	3273	3647	79	200	3.26e-33	131
NC_015119.1	gi|326536061|ref|YP_004300496.1|	43.003	293	140	4	7698	6850	104	379	3.28e-33	139
NC_015119.1	gi|402693622|gb|AFQ89878.1|	67.939	131	42	0	2152	2544	1	131	3.72e-33	127
NC_015119.1	gi|402693626|gb|AFQ89880.1|	67.939	131	42	0	2152	2544	1	131	3.72e-33	127
NC_015119.1	gi|402693630|gb|AFQ89882.1|	67.939	131	42	0	2152	2544	1	131	3.72e-33	127
NC_015119.1	gi|402693634|gb|AFQ89884.1|	67.939	131	42	0	2152	2544	1	131	3.72e-33	127
NC_015119.1	gi|402693638|gb|AFQ89886.1|	67.939	131	42	0	2152	2544	1	131	3.72e-33	127
# BLAST processed 1 queries
